28-07-2016 22:19:04 [INFO] GraphManager - Building panel for domain: 11537
28-07-2016 22:19:24 [INFO] InterDomainManager - Save the domain 11537 in the file /home/viviana/Escritorio/xTotem/ABILENE-BatesZxml.xml takes 31 milliseconds
28-07-2016 22:20:05 [INFO] InterDomainManager - Load the domain 11537 from the file /home/viviana/Escritorio/xTotem/ABILENE.xml takes 158 milliseconds
28-07-2016 22:20:05 [INFO] GraphManager - Building panel for domain: 11537
28-07-2016 22:20:25 [INFO] InterDomainManager - Save the domain 11537 in the file /home/viviana/Escritorio/xTotem/ABILENE-BatesZl.xml takes 41 milliseconds
28-07-2016 22:24:02 [INFO] InterDomainManager - Load the domain 11537 from the file /home/viviana/Escritorio/xTotem/ABILENE.xml takes 175 milliseconds
28-07-2016 22:24:02 [INFO] GraphManager - Building panel for domain: 11537
28-07-2016 22:24:13 [INFO] InterDomainManager - Save the domain 11537 in the file /home/viviana/Escritorio/xTotem/ABILENE-BatesY.xml takes 34 milliseconds
28-07-2016 22:25:34 [INFO] InterDomainManager - Save the domain 11537 in the file /home/viviana/Escritorio/xTotem/ABILENE.xml takes 27 milliseconds
28-07-2016 22:27:54 [INFO] InterDomainManager - Load the domain 128 from the file /home/viviana/Escritorio/xTotem/topologies/rrlocTopologies/GARR/GARR.xml takes 3200 milliseconds
28-07-2016 22:27:54 [INFO] GraphManager - Building panel for domain: 128
28-07-2016 22:29:13 [INFO] InterDomainManager - Load the domain 128 from the file /home/viviana/Escritorio/xTotem/topologies/rrlocTopologies/GARR/GARR.xml takes 160 milliseconds
28-07-2016 22:29:13 [INFO] GraphManager - Building panel for domain: 128
28-07-2016 22:31:44 [INFO] InterDomainManager - Load the domain 128 from the file /home/viviana/Escritorio/xTotem/topologies/rrlocTopologies/GARR/GARR.xml takes 44 milliseconds
28-07-2016 22:31:44 [INFO] GraphManager - Building panel for domain: 128
29-07-2016 18:29:24 [INFO] InterDomainManager - Load the domain 11537 from the file /home/viviana/Escritorio/xTotem/topologies/rrlocTopologies/ABILENE/ABILENE.xml takes 864 milliseconds
29-07-2016 18:29:24 [INFO] GraphManager - Building panel for domain: 11537
29-07-2016 18:30:04 [INFO] InterDomainManager - Load the domain 128 from the file /home/viviana/Escritorio/xTotem/topologies/rrlocTopologies/GARR/GARR.xml takes 375 milliseconds
29-07-2016 18:30:04 [INFO] GraphManager - Building panel for domain: 128
29-07-2016 18:30:55 [INFO] InterDomainManager - Load the domain 127 from the file /home/viviana/Escritorio/xTotem/topologies/rrlocTopologies/FORTHNET/FORTHNet.xml takes 374 milliseconds
29-07-2016 18:30:55 [INFO] GraphManager - Building panel for domain: 127
30-07-2016 15:49:47 [INFO] InterDomainManager - Load the domain 11537 from the file /home/viviana/Escritorio/xTotem/topologies/rrlocTopologies/ABILENE/ABILENE.xml takes 232 milliseconds
30-07-2016 15:49:47 [INFO] GraphManager - Building panel for domain: 11537
30-07-2016 15:52:12 [INFO] InterDomainManager - Load the domain 128 from the file /home/viviana/Escritorio/xTotem/topologies/rrlocTopologies/GARR/GARR.xml takes 90 milliseconds
30-07-2016 15:52:12 [INFO] GraphManager - Building panel for domain: 128
01-08-2016 20:58:32 [INFO] InterDomainManager - Load the domain 129 from the file /home/viviana/Escritorio/xTotem/topologies/rrlocTopologies/ISTAR/ISTAR.xml takes 163 milliseconds
01-08-2016 20:58:32 [INFO] GraphManager - Building panel for domain: 129
01-08-2016 20:59:00 [ERROR] Bates - Cannot load domain 65000
01-08-2016 21:16:45 [INFO] InterDomainManager - Load the domain 65000 from the file /home/viviana/Escritorio/Pruebas con Topologias/ISTAR/ISTAR.xml takes 154 milliseconds
01-08-2016 21:16:45 [INFO] GraphManager - Building panel for domain: 65000
01-08-2016 21:17:45 [INFO] InterDomainManager - Save the domain 65000 in the file /home/viviana/Escritorio/Pruebas con Topologias/ISTAR/ISTAR_Bates.xml takes 40 milliseconds
02-08-2016 22:42:23 [INFO] InterDomainManager - Load the domain 65000 from the file /home/viviana/Escritorio/Pruebas con Topologias/GARR/GARR.xml takes 263 milliseconds
02-08-2016 22:42:23 [INFO] GraphManager - Building panel for domain: 65000
02-08-2016 22:42:41 [INFO] InterDomainManager - Save the domain 65000 in the file /home/viviana/Escritorio/Pruebas con Topologias/GARR/Bates.xml takes 89 milliseconds
02-08-2016 22:51:13 [INFO] InterDomainManager - Load the domain 65000 from the file /home/viviana/Escritorio/Pruebas con Topologias/GARR/GARR.xml takes 126 milliseconds
02-08-2016 22:51:13 [INFO] GraphManager - Building panel for domain: 65000
02-08-2016 22:51:26 [INFO] InterDomainManager - Save the domain 65000 in the file /home/viviana/Escritorio/Pruebas con Topologias/GARR/Bates.xml takes 109 milliseconds
02-08-2016 22:55:55 [INFO] InterDomainManager - Load the domain 65000 from the file /home/viviana/Escritorio/Garr.xml takes 138 milliseconds
02-08-2016 22:55:55 [INFO] GraphManager - Building panel for domain: 65000
02-08-2016 22:56:14 [INFO] InterDomainManager - Save the domain 65000 in the file /home/viviana/Escritorio/garrBates.xml takes 90 milliseconds
03-08-2016 18:45:29 [INFO] InterDomainManager - Load the domain 129 from the file /home/viviana/Escritorio/Pruebas con Topologias/ISTAR/ISTAR.xml takes 241 milliseconds
03-08-2016 18:45:29 [INFO] GraphManager - Building panel for domain: 129
03-08-2016 18:45:54 [INFO] InterDomainManager - Save the domain 129 in the file /home/viviana/Escritorio/Pruebas con Topologias/ISTAR/ISTAR_RR-Bates.xml takes 41 milliseconds
03-08-2016 20:09:29 [ERROR] LoadTopoDialog - Domain file does not exist or is a directory.
03-08-2016 20:09:52 [INFO] InterDomainManager - Load the domain 129 from the file /home/viviana/Escritorio/Pruebas con Topologias/ISTAR/ISTAR.xml takes 266 milliseconds
03-08-2016 20:09:52 [INFO] GraphManager - Building panel for domain: 129
03-08-2016 20:10:32 [INFO] InterDomainManager - Save the domain 129 in the file /home/viviana/Escritorio/Pruebas con Topologias/ISTAR/ISTAR_RR-BatesY.xml takes 81 milliseconds
03-08-2016 21:50:01 [INFO] InterDomainManager - Load the domain 129 from the file /home/viviana/Escritorio/Pruebas con Topologias/ISTAR/ISTAR.xml takes 225 milliseconds
03-08-2016 21:50:01 [INFO] GraphManager - Building panel for domain: 129
03-08-2016 21:50:30 [INFO] InterDomainManager - Save the domain 129 in the file /home/viviana/Escritorio/Pruebas con Topologias/ISTAR/ISTAR_RR-BatesZ.xml takes 42 milliseconds
06-08-2016 13:51:16 [INFO] InterDomainManager - Load the domain 129 from the file /home/viviana/Escritorio/Pruebas con Topologias/ISTAR.xml takes 490 milliseconds
06-08-2016 13:51:16 [INFO] GraphManager - Building panel for domain: 129
06-08-2016 13:52:04 [INFO] InterDomainManager - Save the domain 129 in the file /home/viviana/Escritorio/Pruebas con Topologias/ISTAR-RR_Zhang.xml takes 98 milliseconds
08-08-2016 15:05:54 [INFO] InterDomainManager - Load the domain 65000 from the file /home/viviana/Escritorio/Pruebas con Topologias/FORTHNET/FORTHNet.xml takes 570 milliseconds
08-08-2016 15:05:54 [INFO] GraphManager - Building panel for domain: 65000
08-08-2016 15:06:48 [INFO] InterDomainManager - Save the domain 65000 in the file /home/viviana/Escritorio/Pruebas con Topologias/FORTHNET/FORTHNET_RR-Bates.xml takes 179 milliseconds
08-08-2016 15:37:06 [INFO] InterDomainManager - Load the domain 65000 from the file /home/viviana/Escritorio/Pruebas con Topologias/COX/COX.xml takes 293 milliseconds
08-08-2016 15:37:06 [INFO] GraphManager - Building panel for domain: 65000
08-08-2016 15:37:31 [INFO] InterDomainManager - Save the domain 65000 in the file /home/viviana/Escritorio/Pruebas con Topologias/COX/COX_RR-Bates.xml takes 97 milliseconds
08-08-2016 15:38:24 [INFO] InterDomainManager - Load the domain 65000 from the file /home/viviana/Escritorio/Pruebas con Topologias/COX/COX.xml takes 53 milliseconds
08-08-2016 15:38:24 [INFO] GraphManager - Building panel for domain: 65000
08-08-2016 15:39:24 [INFO] InterDomainManager - Save the domain 65000 in the file /home/viviana/Escritorio/Pruebas con Topologias/COX/COX_RR-BatesY.xml takes 29 milliseconds
08-08-2016 15:41:03 [INFO] InterDomainManager - Load the domain 65000 from the file /home/viviana/Escritorio/Pruebas con Topologias/COX/COX.xml takes 46 milliseconds
08-08-2016 15:41:03 [INFO] GraphManager - Building panel for domain: 65000
08-08-2016 15:41:37 [INFO] InterDomainManager - Save the domain 65000 in the file /home/viviana/Escritorio/Pruebas con Topologias/COX/COX_RR-BatesZ.xml takes 19 milliseconds
08-08-2016 15:42:35 [INFO] InterDomainManager - Load the domain 65000 from the file /home/viviana/Escritorio/Pruebas con Topologias/COX/COX.xml takes 44 milliseconds
08-08-2016 15:42:35 [INFO] GraphManager - Building panel for domain: 65000
08-08-2016 15:43:24 [INFO] InterDomainManager - Save the domain 65000 in the file /home/viviana/Escritorio/Pruebas con Topologias/COX/COX_RR-Zhang.xml takes 25 milliseconds
08-08-2016 16:02:34 [ERROR] LoadTopoDialog - Invalid Domain file : Link id collision: BAT-GAIN
08-08-2016 16:04:38 [INFO] InterDomainManager - Load the domain 65000 from the file /home/viviana/Escritorio/Pruebas con Topologias/COX/COX.xml takes 53 milliseconds
08-08-2016 16:04:38 [INFO] GraphManager - Building panel for domain: 65000
08-08-2016 16:06:10 [INFO] InterDomainManager - Save the domain 65000 in the file /home/viviana/Escritorio/Pruebas con Topologias/COX/COX_RR-Bates.xml takes 83 milliseconds
08-08-2016 16:07:28 [INFO] InterDomainManager - Load the domain 65000 from the file /home/viviana/Escritorio/Pruebas con Topologias/COX/COX.xml takes 34 milliseconds
08-08-2016 16:07:28 [INFO] GraphManager - Building panel for domain: 65000
08-08-2016 16:07:59 [INFO] InterDomainManager - Save the domain 65000 in the file /home/viviana/Escritorio/Pruebas con Topologias/COX/COX_RR-BatesY.xml takes 42 milliseconds
08-08-2016 16:08:40 [INFO] InterDomainManager - Load the domain 65000 from the file /home/viviana/Escritorio/Pruebas con Topologias/COX/COX.xml takes 56 milliseconds
08-08-2016 16:08:40 [INFO] GraphManager - Building panel for domain: 65000
08-08-2016 16:09:03 [INFO] InterDomainManager - Save the domain 65000 in the file /home/viviana/Escritorio/Pruebas con Topologias/COX/COX_RR-BatesZ.xml takes 26 milliseconds
08-08-2016 16:09:45 [INFO] InterDomainManager - Load the domain 65000 from the file /home/viviana/Escritorio/Pruebas con Topologias/COX/COX.xml takes 37 milliseconds
08-08-2016 16:09:45 [INFO] GraphManager - Building panel for domain: 65000
08-08-2016 16:10:25 [INFO] InterDomainManager - Save the domain 65000 in the file /home/viviana/Escritorio/Pruebas con Topologias/COX/COX_RR-Zhang.xml takes 28 milliseconds
10-08-2016 14:18:14 [INFO] InterDomainManager - Load the domain 65000 from the file /home/viviana/Escritorio/Pruebas con Topologias/FORTHNET/FORTHNet.xml takes 567 milliseconds
10-08-2016 14:18:14 [INFO] GraphManager - Building panel for domain: 65000
10-08-2016 14:19:06 [INFO] InterDomainManager - Save the domain 65000 in the file /home/viviana/Escritorio/Pruebas con Topologias/FORTHNET/FORTHNET_RR-BatesY.xml takes 119 milliseconds
10-08-2016 14:20:00 [INFO] InterDomainManager - Load the domain 65000 from the file /home/viviana/Escritorio/Pruebas con Topologias/FORTHNET/FORTHNet.xml takes 54 milliseconds
10-08-2016 14:20:00 [INFO] GraphManager - Building panel for domain: 65000
10-08-2016 14:20:25 [INFO] InterDomainManager - Save the domain 65000 in the file /home/viviana/Escritorio/Pruebas con Topologias/FORTHNET/FORTHNET_RR-BatesZ.xml takes 26 milliseconds
10-08-2016 14:21:05 [INFO] InterDomainManager - Load the domain 65000 from the file /home/viviana/Escritorio/Pruebas con Topologias/FORTHNET/FORTHNet.xml takes 33 milliseconds
10-08-2016 14:21:05 [INFO] GraphManager - Building panel for domain: 65000
10-08-2016 14:21:46 [INFO] InterDomainManager - Save the domain 65000 in the file /home/viviana/Escritorio/Pruebas con Topologias/FORTHNET/FORTHNET_RR-Zhang.xml takes 36 milliseconds
11-08-2016 10:45:17 [INFO] InterDomainManager - Load the domain 65000 from the file /home/viviana/Escritorio/Pruebas con Topologias/Abilene/ABILENE.xml takes 626 milliseconds
11-08-2016 10:45:17 [INFO] GraphManager - Building panel for domain: 65000
11-08-2016 10:50:43 [INFO] InterDomainManager - Save the domain 65000 in the file /home/viviana/Escritorio/Pruebas con Topologias/Abilene/Abilene_RR-Bates.xml takes 358 milliseconds
11-08-2016 10:52:26 [INFO] InterDomainManager - Load the domain 65000 from the file /home/viviana/Escritorio/Pruebas con Topologias/Abilene/ABILENE.xml takes 21 milliseconds
11-08-2016 10:52:26 [INFO] GraphManager - Building panel for domain: 65000
11-08-2016 10:52:59 [INFO] InterDomainManager - Save the domain 65000 in the file /home/viviana/Escritorio/Pruebas con Topologias/Abilene/Abilene_RR-BatesY.xml takes 20 milliseconds
11-08-2016 10:54:56 [INFO] InterDomainManager - Load the domain 65000 from the file /home/viviana/Escritorio/Pruebas con Topologias/Abilene/ABILENE.xml takes 40 milliseconds
11-08-2016 10:54:56 [INFO] GraphManager - Building panel for domain: 65000
11-08-2016 10:55:23 [INFO] InterDomainManager - Save the domain 65000 in the file /home/viviana/Escritorio/Pruebas con Topologias/Abilene/Abilene_RR-BatesZ.xml takes 22 milliseconds
11-08-2016 10:56:09 [INFO] InterDomainManager - Load the domain 65000 from the file /home/viviana/Escritorio/Pruebas con Topologias/Abilene/ABILENE.xml takes 45 milliseconds
11-08-2016 10:56:09 [INFO] GraphManager - Building panel for domain: 65000
11-08-2016 10:56:40 [INFO] InterDomainManager - Save the domain 65000 in the file /home/viviana/Escritorio/Pruebas con Topologias/Abilene/Abilene_RR-Zhang.xml takes 35 milliseconds
16-08-2016 18:39:20 [INFO] InterDomainManager - Load the domain 65100 from the file /home/viviana/Escritorio/xTotem/CESNET.xml takes 533 milliseconds
16-08-2016 18:39:22 [INFO] InterDomainManager - Save the domain 65100 in the file /home/viviana/Escritorio/xTotem/CESNET-BGPSepBackbone.xml takes 52 milliseconds
16-08-2016 18:39:38 [INFO] InterDomainManager - Load the domain 65100 from the file /home/viviana/Escritorio/xTotem/CESNET.xml takes 127 milliseconds
16-08-2016 18:39:38 [INFO] InterDomainManager - Save the domain 65100 in the file /home/viviana/Escritorio/xTotem/CESNET-BatesY.xml takes 22 milliseconds
26-08-2016 11:54:27 [INFO] AbstractTopologyGenerator - Getting default value for param: maxTrials
26-08-2016 11:54:27 [INFO] DomainImpl - Bandwidth units not found, using MBPS.
26-08-2016 11:54:27 [INFO] DomainImpl - Delay units not found, using milliseconds (ms).
26-08-2016 11:54:27 [INFO] LinkImpl - Setting BC for CT 0 value: 1451.7655
26-08-2016 11:54:27 [INFO] LinkImpl - Setting BC for CT 0 value: 1451.7655
26-08-2016 11:54:27 [INFO] LinkImpl - Setting BC for CT 0 value: 1499.3556
26-08-2016 11:54:27 [INFO] LinkImpl - Setting BC for CT 0 value: 1499.3556
26-08-2016 11:54:27 [INFO] LinkImpl - Setting BC for CT 0 value: 1493.9158
26-08-2016 11:54:27 [INFO] LinkImpl - Setting BC for CT 0 value: 1493.9158
26-08-2016 11:54:27 [INFO] LinkImpl - Setting BC for CT 0 value: 877.05383
26-08-2016 11:54:27 [INFO] LinkImpl - Setting BC for CT 0 value: 877.05383
26-08-2016 11:54:27 [INFO] LinkImpl - Setting BC for CT 0 value: 1311.18
26-08-2016 11:54:27 [INFO] LinkImpl - Setting BC for CT 0 value: 1311.18
26-08-2016 11:54:27 [INFO] LinkImpl - Setting BC for CT 0 value: 1073.7291
26-08-2016 11:54:27 [INFO] LinkImpl - Setting BC for CT 0 value: 1073.7291
26-08-2016 11:54:27 [INFO] LinkImpl - Setting BC for CT 0 value: 1033.4178
26-08-2016 11:54:27 [INFO] LinkImpl - Setting BC for CT 0 value: 1033.4178
26-08-2016 11:54:27 [INFO] LinkImpl - Setting BC for CT 0 value: 938.6228
26-08-2016 11:54:27 [INFO] LinkImpl - Setting BC for CT 0 value: 938.6228
26-08-2016 11:54:27 [INFO] LinkImpl - Setting BC for CT 0 value: 892.31793
26-08-2016 11:54:27 [INFO] LinkImpl - Setting BC for CT 0 value: 892.31793
26-08-2016 11:54:27 [INFO] LinkImpl - Setting BC for CT 0 value: 1312.2374
26-08-2016 11:54:27 [INFO] LinkImpl - Setting BC for CT 0 value: 1312.2374
26-08-2016 11:54:27 [INFO] LinkImpl - Setting BC for CT 0 value: 708.1966
26-08-2016 11:54:27 [INFO] LinkImpl - Setting BC for CT 0 value: 708.1966
26-08-2016 11:54:27 [INFO] LinkImpl - Setting BC for CT 0 value: 1481.8394
26-08-2016 11:54:27 [INFO] LinkImpl - Setting BC for CT 0 value: 1481.8394
26-08-2016 11:54:27 [INFO] LinkImpl - Setting BC for CT 0 value: 1363.6737
26-08-2016 11:54:27 [INFO] LinkImpl - Setting BC for CT 0 value: 1363.6737
26-08-2016 11:54:27 [INFO] LinkImpl - Setting BC for CT 0 value: 1386.514
26-08-2016 11:54:27 [INFO] LinkImpl - Setting BC for CT 0 value: 1386.514
26-08-2016 11:54:27 [INFO] DomainImpl - Bandwidth units not found, using MBPS.
26-08-2016 11:54:27 [INFO] DomainImpl - Delay units not found, using milliseconds (ms).
26-08-2016 11:54:27 [INFO] LinkImpl - Setting BC for CT 0 value: 1306.8566
26-08-2016 11:54:27 [INFO] LinkImpl - Setting BC for CT 0 value: 1306.8566
26-08-2016 11:54:27 [INFO] LinkImpl - Setting BC for CT 0 value: 676.8001
26-08-2016 11:54:27 [INFO] LinkImpl - Setting BC for CT 0 value: 676.8001
26-08-2016 11:54:27 [INFO] LinkImpl - Setting BC for CT 0 value: 1471.9833
26-08-2016 11:54:27 [INFO] LinkImpl - Setting BC for CT 0 value: 1471.9833
26-08-2016 11:54:27 [INFO] LinkImpl - Setting BC for CT 0 value: 1026.3
26-08-2016 11:54:27 [INFO] LinkImpl - Setting BC for CT 0 value: 1026.3
26-08-2016 11:54:27 [INFO] LinkImpl - Setting BC for CT 0 value: 1191.4453
26-08-2016 11:54:27 [INFO] LinkImpl - Setting BC for CT 0 value: 1191.4453
26-08-2016 11:54:27 [INFO] LinkImpl - Setting BC for CT 0 value: 683.20685
26-08-2016 11:54:27 [INFO] LinkImpl - Setting BC for CT 0 value: 683.20685
26-08-2016 11:54:27 [INFO] LinkImpl - Setting BC for CT 0 value: 1446.7731
26-08-2016 11:54:27 [INFO] LinkImpl - Setting BC for CT 0 value: 1446.7731
26-08-2016 11:54:27 [INFO] LinkImpl - Setting BC for CT 0 value: 1080.7511
26-08-2016 11:54:27 [INFO] LinkImpl - Setting BC for CT 0 value: 1080.7511
26-08-2016 11:54:27 [INFO] LinkImpl - Setting BC for CT 0 value: 617.74646
26-08-2016 11:54:27 [INFO] LinkImpl - Setting BC for CT 0 value: 617.74646
26-08-2016 11:54:27 [INFO] LinkImpl - Setting BC for CT 0 value: 1167.7035
26-08-2016 11:54:27 [INFO] LinkImpl - Setting BC for CT 0 value: 1167.7035
26-08-2016 11:54:27 [INFO] LinkImpl - Setting BC for CT 0 value: 1141.5857
26-08-2016 11:54:27 [INFO] LinkImpl - Setting BC for CT 0 value: 1141.5857
26-08-2016 11:54:27 [INFO] LinkImpl - Setting BC for CT 0 value: 821.85986
26-08-2016 11:54:27 [INFO] LinkImpl - Setting BC for CT 0 value: 821.85986
26-08-2016 11:54:27 [INFO] LinkImpl - Setting BC for CT 0 value: 794.64343
26-08-2016 11:54:27 [INFO] LinkImpl - Setting BC for CT 0 value: 794.64343
26-08-2016 11:54:27 [INFO] LinkImpl - Setting BC for CT 0 value: 1447.683
26-08-2016 11:54:27 [INFO] LinkImpl - Setting BC for CT 0 value: 1447.683
26-08-2016 11:54:27 [INFO] DomainImpl - Bandwidth units not found, using MBPS.
26-08-2016 11:54:27 [INFO] DomainImpl - Delay units not found, using milliseconds (ms).
26-08-2016 11:54:27 [INFO] LinkImpl - Setting BC for CT 0 value: 716.7216
26-08-2016 11:54:27 [INFO] LinkImpl - Setting BC for CT 0 value: 716.7216
26-08-2016 11:54:27 [INFO] LinkImpl - Setting BC for CT 0 value: 1388.8295
26-08-2016 11:54:27 [INFO] LinkImpl - Setting BC for CT 0 value: 1388.8295
26-08-2016 11:54:27 [INFO] LinkImpl - Setting BC for CT 0 value: 575.7755
26-08-2016 11:54:27 [INFO] LinkImpl - Setting BC for CT 0 value: 575.7755
26-08-2016 11:54:27 [INFO] LinkImpl - Setting BC for CT 0 value: 690.1832
26-08-2016 11:54:27 [INFO] LinkImpl - Setting BC for CT 0 value: 690.1832
26-08-2016 11:54:27 [INFO] LinkImpl - Setting BC for CT 0 value: 1134.1577
26-08-2016 11:54:27 [INFO] LinkImpl - Setting BC for CT 0 value: 1134.1577
26-08-2016 11:54:27 [INFO] LinkImpl - Setting BC for CT 0 value: 683.3637
26-08-2016 11:54:27 [INFO] LinkImpl - Setting BC for CT 0 value: 683.3637
26-08-2016 11:54:27 [INFO] LinkImpl - Setting BC for CT 0 value: 845.6478
26-08-2016 11:54:27 [INFO] LinkImpl - Setting BC for CT 0 value: 845.6478
26-08-2016 11:54:27 [INFO] LinkImpl - Setting BC for CT 0 value: 833.74896
26-08-2016 11:54:27 [INFO] LinkImpl - Setting BC for CT 0 value: 833.74896
26-08-2016 11:54:27 [INFO] LinkImpl - Setting BC for CT 0 value: 1357.3732
26-08-2016 11:54:27 [INFO] LinkImpl - Setting BC for CT 0 value: 1357.3732
26-08-2016 11:54:27 [INFO] LinkImpl - Setting BC for CT 0 value: 843.22406
26-08-2016 11:54:27 [INFO] LinkImpl - Setting BC for CT 0 value: 843.22406
26-08-2016 11:54:27 [INFO] LinkImpl - Setting BC for CT 0 value: 987.5566
26-08-2016 11:54:27 [INFO] LinkImpl - Setting BC for CT 0 value: 987.5566
26-08-2016 11:54:27 [INFO] LinkImpl - Setting BC for CT 0 value: 546.6452
26-08-2016 11:54:27 [INFO] LinkImpl - Setting BC for CT 0 value: 546.6452
26-08-2016 11:54:27 [INFO] LinkImpl - Setting BC for CT 0 value: 1427.1339
26-08-2016 11:54:27 [INFO] LinkImpl - Setting BC for CT 0 value: 1427.1339
26-08-2016 11:54:27 [INFO] LinkImpl - Setting BC for CT 0 value: 1145.0374
26-08-2016 11:54:27 [INFO] LinkImpl - Setting BC for CT 0 value: 1145.0374
26-08-2016 11:54:27 [INFO] WrapperBrite - Forcing topology to be connected.
26-08-2016 11:54:27 [INFO] WrapperBrite - Forcing topology to be dual connected.
26-08-2016 11:54:58 [INFO] AbstractTopologyGenerator - Getting default value for param: maxTrials
26-08-2016 14:52:21 [INFO] AbstractTopologyGenerator - Getting default value for param: maxTrials
26-08-2016 14:52:21 [INFO] DomainImpl - Bandwidth units not found, using MBPS.
26-08-2016 14:52:21 [INFO] DomainImpl - Delay units not found, using milliseconds (ms).
26-08-2016 14:52:21 [INFO] LinkImpl - Setting BC for CT 0 value: 27281.77
26-08-2016 14:52:21 [INFO] LinkImpl - Setting BC for CT 0 value: 27281.77
26-08-2016 14:52:21 [INFO] LinkImpl - Setting BC for CT 0 value: 28533.775
26-08-2016 14:52:21 [INFO] LinkImpl - Setting BC for CT 0 value: 28533.775
26-08-2016 14:52:21 [INFO] LinkImpl - Setting BC for CT 0 value: 13023.7705
26-08-2016 14:52:21 [INFO] LinkImpl - Setting BC for CT 0 value: 13023.7705
26-08-2016 14:52:21 [INFO] LinkImpl - Setting BC for CT 0 value: 25804.408
26-08-2016 14:52:21 [INFO] LinkImpl - Setting BC for CT 0 value: 25804.408
26-08-2016 14:52:21 [INFO] LinkImpl - Setting BC for CT 0 value: 29841.676
26-08-2016 14:52:21 [INFO] LinkImpl - Setting BC for CT 0 value: 29841.676
26-08-2016 14:52:21 [INFO] LinkImpl - Setting BC for CT 0 value: 24718.771
26-08-2016 14:52:21 [INFO] LinkImpl - Setting BC for CT 0 value: 24718.771
26-08-2016 14:52:21 [INFO] LinkImpl - Setting BC for CT 0 value: 11556.149
26-08-2016 14:52:21 [INFO] LinkImpl - Setting BC for CT 0 value: 11556.149
26-08-2016 14:52:21 [INFO] LinkImpl - Setting BC for CT 0 value: 27370.85
26-08-2016 14:52:21 [INFO] LinkImpl - Setting BC for CT 0 value: 27370.85
26-08-2016 14:52:21 [INFO] LinkImpl - Setting BC for CT 0 value: 17684.727
26-08-2016 14:52:21 [INFO] LinkImpl - Setting BC for CT 0 value: 17684.727
26-08-2016 14:52:21 [INFO] LinkImpl - Setting BC for CT 0 value: 11261.536
26-08-2016 14:52:21 [INFO] LinkImpl - Setting BC for CT 0 value: 11261.536
26-08-2016 14:52:21 [INFO] LinkImpl - Setting BC for CT 0 value: 25065.678
26-08-2016 14:52:21 [INFO] LinkImpl - Setting BC for CT 0 value: 25065.678
26-08-2016 14:52:21 [INFO] LinkImpl - Setting BC for CT 0 value: 11679.558
26-08-2016 14:52:21 [INFO] LinkImpl - Setting BC for CT 0 value: 11679.558
26-08-2016 14:52:21 [INFO] LinkImpl - Setting BC for CT 0 value: 17499.8
26-08-2016 14:52:21 [INFO] LinkImpl - Setting BC for CT 0 value: 17499.8
26-08-2016 14:52:21 [INFO] LinkImpl - Setting BC for CT 0 value: 28763.324
26-08-2016 14:52:21 [INFO] LinkImpl - Setting BC for CT 0 value: 28763.324
26-08-2016 14:52:21 [INFO] LinkImpl - Setting BC for CT 0 value: 11944.286
26-08-2016 14:52:21 [INFO] LinkImpl - Setting BC for CT 0 value: 11944.286
26-08-2016 14:52:21 [INFO] LinkImpl - Setting BC for CT 0 value: 22702.947
26-08-2016 14:52:21 [INFO] LinkImpl - Setting BC for CT 0 value: 22702.947
26-08-2016 14:52:21 [INFO] LinkImpl - Setting BC for CT 0 value: 10156.012
26-08-2016 14:52:21 [INFO] LinkImpl - Setting BC for CT 0 value: 10156.012
26-08-2016 14:52:21 [INFO] LinkImpl - Setting BC for CT 0 value: 18564.242
26-08-2016 14:52:21 [INFO] LinkImpl - Setting BC for CT 0 value: 18564.242
26-08-2016 14:52:21 [INFO] LinkImpl - Setting BC for CT 0 value: 14743.375
26-08-2016 14:52:21 [INFO] LinkImpl - Setting BC for CT 0 value: 14743.375
26-08-2016 14:52:21 [INFO] LinkImpl - Setting BC for CT 0 value: 16705.06
26-08-2016 14:52:21 [INFO] LinkImpl - Setting BC for CT 0 value: 16705.06
26-08-2016 14:52:21 [INFO] LinkImpl - Setting BC for CT 0 value: 897.1492
26-08-2016 14:52:21 [INFO] LinkImpl - Setting BC for CT 0 value: 897.1492
26-08-2016 14:52:21 [INFO] LinkImpl - Setting BC for CT 0 value: 20709.213
26-08-2016 14:52:21 [INFO] LinkImpl - Setting BC for CT 0 value: 20709.213
26-08-2016 14:52:21 [INFO] LinkImpl - Setting BC for CT 0 value: 13853.571
26-08-2016 14:52:21 [INFO] LinkImpl - Setting BC for CT 0 value: 13853.571
26-08-2016 14:52:21 [INFO] LinkImpl - Setting BC for CT 0 value: 22928.447
26-08-2016 14:52:21 [INFO] LinkImpl - Setting BC for CT 0 value: 22928.447
26-08-2016 14:52:21 [INFO] LinkImpl - Setting BC for CT 0 value: 27084.887
26-08-2016 14:52:21 [INFO] LinkImpl - Setting BC for CT 0 value: 27084.887
26-08-2016 14:52:21 [INFO] LinkImpl - Setting BC for CT 0 value: 19590.938
26-08-2016 14:52:21 [INFO] LinkImpl - Setting BC for CT 0 value: 19590.938
26-08-2016 14:52:21 [INFO] LinkImpl - Setting BC for CT 0 value: 11936.417
26-08-2016 14:52:21 [INFO] LinkImpl - Setting BC for CT 0 value: 11936.417
26-08-2016 14:52:21 [INFO] LinkImpl - Setting BC for CT 0 value: 17253.479
26-08-2016 14:52:21 [INFO] LinkImpl - Setting BC for CT 0 value: 17253.479
26-08-2016 14:52:21 [INFO] LinkImpl - Setting BC for CT 0 value: 25825.535
26-08-2016 14:52:21 [INFO] LinkImpl - Setting BC for CT 0 value: 25825.535
26-08-2016 14:52:21 [INFO] LinkImpl - Setting BC for CT 0 value: 18398.334
26-08-2016 14:52:21 [INFO] LinkImpl - Setting BC for CT 0 value: 18398.334
26-08-2016 14:52:21 [INFO] LinkImpl - Setting BC for CT 0 value: 18169.994
26-08-2016 14:52:21 [INFO] LinkImpl - Setting BC for CT 0 value: 18169.994
26-08-2016 14:52:21 [INFO] LinkImpl - Setting BC for CT 0 value: 13714.62
26-08-2016 14:52:21 [INFO] LinkImpl - Setting BC for CT 0 value: 13714.62
26-08-2016 14:52:21 [INFO] LinkImpl - Setting BC for CT 0 value: 23869.201
26-08-2016 14:52:21 [INFO] LinkImpl - Setting BC for CT 0 value: 23869.201
26-08-2016 14:52:21 [INFO] LinkImpl - Setting BC for CT 0 value: 22941.977
26-08-2016 14:52:21 [INFO] LinkImpl - Setting BC for CT 0 value: 22941.977
26-08-2016 14:52:21 [INFO] LinkImpl - Setting BC for CT 0 value: 856.00726
26-08-2016 14:52:21 [INFO] LinkImpl - Setting BC for CT 0 value: 856.00726
26-08-2016 14:52:21 [INFO] LinkImpl - Setting BC for CT 0 value: 22102.387
26-08-2016 14:52:21 [INFO] LinkImpl - Setting BC for CT 0 value: 22102.387
26-08-2016 14:52:21 [INFO] LinkImpl - Setting BC for CT 0 value: 27093.62
26-08-2016 14:52:21 [INFO] LinkImpl - Setting BC for CT 0 value: 27093.62
26-08-2016 14:52:21 [INFO] LinkImpl - Setting BC for CT 0 value: 18069.918
26-08-2016 14:52:21 [INFO] LinkImpl - Setting BC for CT 0 value: 18069.918
26-08-2016 14:52:21 [INFO] LinkImpl - Setting BC for CT 0 value: 16071.656
26-08-2016 14:52:21 [INFO] LinkImpl - Setting BC for CT 0 value: 16071.656
26-08-2016 14:52:21 [INFO] LinkImpl - Setting BC for CT 0 value: 1346.5142
26-08-2016 14:52:21 [INFO] LinkImpl - Setting BC for CT 0 value: 1346.5142
26-08-2016 14:52:21 [INFO] LinkImpl - Setting BC for CT 0 value: 11991.15
26-08-2016 14:52:21 [INFO] LinkImpl - Setting BC for CT 0 value: 11991.15
26-08-2016 14:52:21 [INFO] LinkImpl - Setting BC for CT 0 value: 16777.098
26-08-2016 14:52:21 [INFO] LinkImpl - Setting BC for CT 0 value: 16777.098
26-08-2016 14:52:21 [INFO] LinkImpl - Setting BC for CT 0 value: 751.3825
26-08-2016 14:52:21 [INFO] LinkImpl - Setting BC for CT 0 value: 751.3825
26-08-2016 14:52:21 [INFO] LinkImpl - Setting BC for CT 0 value: 926.45776
26-08-2016 14:52:21 [INFO] LinkImpl - Setting BC for CT 0 value: 926.45776
26-08-2016 14:52:21 [INFO] LinkImpl - Setting BC for CT 0 value: 23333.096
26-08-2016 14:52:21 [INFO] LinkImpl - Setting BC for CT 0 value: 23333.096
26-08-2016 14:52:21 [INFO] LinkImpl - Setting BC for CT 0 value: 23288.621
26-08-2016 14:52:21 [INFO] LinkImpl - Setting BC for CT 0 value: 23288.621
26-08-2016 14:52:21 [INFO] LinkImpl - Setting BC for CT 0 value: 15148.652
26-08-2016 14:52:21 [INFO] LinkImpl - Setting BC for CT 0 value: 15148.652
26-08-2016 14:52:21 [INFO] LinkImpl - Setting BC for CT 0 value: 20838.646
26-08-2016 14:52:21 [INFO] LinkImpl - Setting BC for CT 0 value: 20838.646
26-08-2016 14:52:21 [INFO] LinkImpl - Setting BC for CT 0 value: 25132.873
26-08-2016 14:52:21 [INFO] LinkImpl - Setting BC for CT 0 value: 25132.873
26-08-2016 14:52:21 [INFO] LinkImpl - Setting BC for CT 0 value: 1351.6039
26-08-2016 14:52:21 [INFO] LinkImpl - Setting BC for CT 0 value: 1351.6039
26-08-2016 14:52:21 [INFO] LinkImpl - Setting BC for CT 0 value: 1056.0548
26-08-2016 14:52:21 [INFO] LinkImpl - Setting BC for CT 0 value: 1056.0548
26-08-2016 14:52:21 [INFO] LinkImpl - Setting BC for CT 0 value: 25265.934
26-08-2016 14:52:21 [INFO] LinkImpl - Setting BC for CT 0 value: 25265.934
26-08-2016 14:52:21 [INFO] LinkImpl - Setting BC for CT 0 value: 28455.58
26-08-2016 14:52:21 [INFO] LinkImpl - Setting BC for CT 0 value: 28455.58
26-08-2016 14:52:21 [INFO] LinkImpl - Setting BC for CT 0 value: 1276.1525
26-08-2016 14:52:21 [INFO] LinkImpl - Setting BC for CT 0 value: 1276.1525
26-08-2016 14:52:21 [INFO] LinkImpl - Setting BC for CT 0 value: 28296.436
26-08-2016 14:52:21 [INFO] LinkImpl - Setting BC for CT 0 value: 28296.436
26-08-2016 14:52:21 [INFO] LinkImpl - Setting BC for CT 0 value: 29805.39
26-08-2016 14:52:21 [INFO] LinkImpl - Setting BC for CT 0 value: 29805.39
26-08-2016 14:52:21 [INFO] LinkImpl - Setting BC for CT 0 value: 23136.951
26-08-2016 14:52:21 [INFO] LinkImpl - Setting BC for CT 0 value: 23136.951
26-08-2016 14:52:21 [INFO] LinkImpl - Setting BC for CT 0 value: 15903.584
26-08-2016 14:52:21 [INFO] LinkImpl - Setting BC for CT 0 value: 15903.584
26-08-2016 14:52:21 [INFO] LinkImpl - Setting BC for CT 0 value: 24009.854
26-08-2016 14:52:21 [INFO] LinkImpl - Setting BC for CT 0 value: 24009.854
26-08-2016 14:52:21 [INFO] LinkImpl - Setting BC for CT 0 value: 17848.041
26-08-2016 14:52:21 [INFO] LinkImpl - Setting BC for CT 0 value: 17848.041
26-08-2016 14:52:21 [INFO] LinkImpl - Setting BC for CT 0 value: 14775.182
26-08-2016 14:52:21 [INFO] LinkImpl - Setting BC for CT 0 value: 14775.182
26-08-2016 14:52:21 [INFO] LinkImpl - Setting BC for CT 0 value: 18172.557
26-08-2016 14:52:21 [INFO] LinkImpl - Setting BC for CT 0 value: 18172.557
26-08-2016 14:52:21 [INFO] LinkImpl - Setting BC for CT 0 value: 25854.469
26-08-2016 14:52:21 [INFO] LinkImpl - Setting BC for CT 0 value: 25854.469
26-08-2016 14:52:21 [INFO] LinkImpl - Setting BC for CT 0 value: 18911.87
26-08-2016 14:52:21 [INFO] LinkImpl - Setting BC for CT 0 value: 18911.87
26-08-2016 14:52:21 [INFO] LinkImpl - Setting BC for CT 0 value: 23277.08
26-08-2016 14:52:21 [INFO] LinkImpl - Setting BC for CT 0 value: 23277.08
26-08-2016 14:52:21 [INFO] LinkImpl - Setting BC for CT 0 value: 23017.543
26-08-2016 14:52:21 [INFO] LinkImpl - Setting BC for CT 0 value: 23017.543
26-08-2016 14:52:21 [INFO] LinkImpl - Setting BC for CT 0 value: 19615.336
26-08-2016 14:52:21 [INFO] LinkImpl - Setting BC for CT 0 value: 19615.336
26-08-2016 14:52:21 [INFO] LinkImpl - Setting BC for CT 0 value: 26256.27
26-08-2016 14:52:21 [INFO] LinkImpl - Setting BC for CT 0 value: 26256.27
26-08-2016 14:52:21 [INFO] LinkImpl - Setting BC for CT 0 value: 12472.593
26-08-2016 14:52:21 [INFO] LinkImpl - Setting BC for CT 0 value: 12472.593
26-08-2016 14:52:21 [INFO] LinkImpl - Setting BC for CT 0 value: 24634.871
26-08-2016 14:52:21 [INFO] LinkImpl - Setting BC for CT 0 value: 24634.871
26-08-2016 14:52:21 [INFO] LinkImpl - Setting BC for CT 0 value: 23464.55
26-08-2016 14:52:21 [INFO] LinkImpl - Setting BC for CT 0 value: 23464.55
26-08-2016 14:52:21 [INFO] LinkImpl - Setting BC for CT 0 value: 749.10626
26-08-2016 14:52:21 [INFO] LinkImpl - Setting BC for CT 0 value: 749.10626
26-08-2016 14:52:21 [INFO] LinkImpl - Setting BC for CT 0 value: 13142.164
26-08-2016 14:52:21 [INFO] LinkImpl - Setting BC for CT 0 value: 13142.164
26-08-2016 14:52:21 [INFO] LinkImpl - Setting BC for CT 0 value: 28526.58
26-08-2016 14:52:21 [INFO] LinkImpl - Setting BC for CT 0 value: 28526.58
26-08-2016 14:52:21 [INFO] LinkImpl - Setting BC for CT 0 value: 15196.574
26-08-2016 14:52:21 [INFO] LinkImpl - Setting BC for CT 0 value: 15196.574
26-08-2016 14:52:21 [INFO] LinkImpl - Setting BC for CT 0 value: 20939.623
26-08-2016 14:52:21 [INFO] LinkImpl - Setting BC for CT 0 value: 20939.623
26-08-2016 14:52:21 [INFO] LinkImpl - Setting BC for CT 0 value: 23971.932
26-08-2016 14:52:21 [INFO] LinkImpl - Setting BC for CT 0 value: 23971.932
26-08-2016 14:52:21 [INFO] LinkImpl - Setting BC for CT 0 value: 1263.886
26-08-2016 14:52:21 [INFO] LinkImpl - Setting BC for CT 0 value: 1263.886
26-08-2016 14:52:21 [INFO] LinkImpl - Setting BC for CT 0 value: 21557.502
26-08-2016 14:52:21 [INFO] LinkImpl - Setting BC for CT 0 value: 21557.502
26-08-2016 14:52:21 [INFO] LinkImpl - Setting BC for CT 0 value: 22386.719
26-08-2016 14:52:21 [INFO] LinkImpl - Setting BC for CT 0 value: 22386.719
26-08-2016 14:52:21 [INFO] LinkImpl - Setting BC for CT 0 value: 29015.111
26-08-2016 14:52:21 [INFO] LinkImpl - Setting BC for CT 0 value: 29015.111
26-08-2016 14:52:21 [INFO] LinkImpl - Setting BC for CT 0 value: 625.5807
26-08-2016 14:52:21 [INFO] LinkImpl - Setting BC for CT 0 value: 625.5807
26-08-2016 14:52:21 [INFO] LinkImpl - Setting BC for CT 0 value: 28941.293
26-08-2016 14:52:21 [INFO] LinkImpl - Setting BC for CT 0 value: 28941.293
26-08-2016 14:52:21 [INFO] LinkImpl - Setting BC for CT 0 value: 26688.025
26-08-2016 14:52:21 [INFO] LinkImpl - Setting BC for CT 0 value: 26688.025
26-08-2016 14:52:21 [INFO] LinkImpl - Setting BC for CT 0 value: 13042.794
26-08-2016 14:52:21 [INFO] LinkImpl - Setting BC for CT 0 value: 13042.794
26-08-2016 14:52:21 [INFO] LinkImpl - Setting BC for CT 0 value: 16160.701
26-08-2016 14:52:21 [INFO] LinkImpl - Setting BC for CT 0 value: 16160.701
26-08-2016 14:52:21 [INFO] LinkImpl - Setting BC for CT 0 value: 12550.478
26-08-2016 14:52:21 [INFO] LinkImpl - Setting BC for CT 0 value: 12550.478
26-08-2016 14:52:21 [INFO] LinkImpl - Setting BC for CT 0 value: 20055.535
26-08-2016 14:52:21 [INFO] LinkImpl - Setting BC for CT 0 value: 20055.535
26-08-2016 14:52:21 [INFO] LinkImpl - Setting BC for CT 0 value: 24899.85
26-08-2016 14:52:21 [INFO] LinkImpl - Setting BC for CT 0 value: 24899.85
26-08-2016 14:52:21 [INFO] LinkImpl - Setting BC for CT 0 value: 1222.4536
26-08-2016 14:52:21 [INFO] LinkImpl - Setting BC for CT 0 value: 1222.4536
26-08-2016 14:52:34 [INFO] AbstractTopologyGenerator - Getting default value for param: maxTrials
26-08-2016 14:52:34 [INFO] DomainImpl - Bandwidth units not found, using MBPS.
26-08-2016 14:52:34 [INFO] DomainImpl - Delay units not found, using milliseconds (ms).
26-08-2016 14:52:34 [INFO] LinkImpl - Setting BC for CT 0 value: 13659.391
26-08-2016 14:52:34 [INFO] LinkImpl - Setting BC for CT 0 value: 13659.391
26-08-2016 14:52:34 [INFO] LinkImpl - Setting BC for CT 0 value: 28215.33
26-08-2016 14:52:34 [INFO] LinkImpl - Setting BC for CT 0 value: 28215.33
26-08-2016 14:52:34 [INFO] LinkImpl - Setting BC for CT 0 value: 10488.289
26-08-2016 14:52:34 [INFO] LinkImpl - Setting BC for CT 0 value: 10488.289
26-08-2016 14:52:34 [INFO] LinkImpl - Setting BC for CT 0 value: 16140.974
26-08-2016 14:52:34 [INFO] LinkImpl - Setting BC for CT 0 value: 16140.974
26-08-2016 14:52:34 [INFO] LinkImpl - Setting BC for CT 0 value: 21143.812
26-08-2016 14:52:34 [INFO] LinkImpl - Setting BC for CT 0 value: 21143.812
26-08-2016 14:52:34 [INFO] LinkImpl - Setting BC for CT 0 value: 22978.402
26-08-2016 14:52:34 [INFO] LinkImpl - Setting BC for CT 0 value: 22978.402
26-08-2016 14:52:34 [INFO] LinkImpl - Setting BC for CT 0 value: 14301.769
26-08-2016 14:52:34 [INFO] LinkImpl - Setting BC for CT 0 value: 14301.769
26-08-2016 14:52:34 [INFO] LinkImpl - Setting BC for CT 0 value: 705.55475
26-08-2016 14:52:34 [INFO] LinkImpl - Setting BC for CT 0 value: 705.55475
26-08-2016 14:52:34 [INFO] LinkImpl - Setting BC for CT 0 value: 21834.525
26-08-2016 14:52:34 [INFO] LinkImpl - Setting BC for CT 0 value: 21834.525
26-08-2016 14:52:34 [INFO] LinkImpl - Setting BC for CT 0 value: 21493.967
26-08-2016 14:52:34 [INFO] LinkImpl - Setting BC for CT 0 value: 21493.967
26-08-2016 14:52:34 [INFO] LinkImpl - Setting BC for CT 0 value: 1487.552
26-08-2016 14:52:34 [INFO] LinkImpl - Setting BC for CT 0 value: 1487.552
26-08-2016 14:52:34 [INFO] LinkImpl - Setting BC for CT 0 value: 10148.451
26-08-2016 14:52:34 [INFO] LinkImpl - Setting BC for CT 0 value: 10148.451
26-08-2016 14:52:34 [INFO] LinkImpl - Setting BC for CT 0 value: 13105.565
26-08-2016 14:52:34 [INFO] LinkImpl - Setting BC for CT 0 value: 13105.565
26-08-2016 14:52:34 [INFO] LinkImpl - Setting BC for CT 0 value: 20245.467
26-08-2016 14:52:34 [INFO] LinkImpl - Setting BC for CT 0 value: 20245.467
26-08-2016 14:52:34 [INFO] LinkImpl - Setting BC for CT 0 value: 14520.685
26-08-2016 14:52:34 [INFO] LinkImpl - Setting BC for CT 0 value: 14520.685
26-08-2016 14:52:34 [INFO] LinkImpl - Setting BC for CT 0 value: 16887.627
26-08-2016 14:52:34 [INFO] LinkImpl - Setting BC for CT 0 value: 16887.627
26-08-2016 14:52:34 [INFO] LinkImpl - Setting BC for CT 0 value: 15160.732
26-08-2016 14:52:34 [INFO] LinkImpl - Setting BC for CT 0 value: 15160.732
26-08-2016 14:52:34 [INFO] LinkImpl - Setting BC for CT 0 value: 572.9001
26-08-2016 14:52:34 [INFO] LinkImpl - Setting BC for CT 0 value: 572.9001
26-08-2016 14:52:34 [INFO] LinkImpl - Setting BC for CT 0 value: 1118.0326
26-08-2016 14:52:34 [INFO] LinkImpl - Setting BC for CT 0 value: 1118.0326
26-08-2016 14:52:34 [INFO] LinkImpl - Setting BC for CT 0 value: 15781.772
26-08-2016 14:52:34 [INFO] LinkImpl - Setting BC for CT 0 value: 15781.772
26-08-2016 14:52:34 [INFO] LinkImpl - Setting BC for CT 0 value: 25858.95
26-08-2016 14:52:34 [INFO] LinkImpl - Setting BC for CT 0 value: 25858.95
26-08-2016 14:52:34 [INFO] LinkImpl - Setting BC for CT 0 value: 29976.334
26-08-2016 14:52:34 [INFO] LinkImpl - Setting BC for CT 0 value: 29976.334
26-08-2016 14:52:34 [INFO] LinkImpl - Setting BC for CT 0 value: 26816.502
26-08-2016 14:52:34 [INFO] LinkImpl - Setting BC for CT 0 value: 26816.502
26-08-2016 14:52:34 [INFO] LinkImpl - Setting BC for CT 0 value: 17966.305
26-08-2016 14:52:34 [INFO] LinkImpl - Setting BC for CT 0 value: 17966.305
26-08-2016 14:52:34 [INFO] LinkImpl - Setting BC for CT 0 value: 1397.6309
26-08-2016 14:52:34 [INFO] LinkImpl - Setting BC for CT 0 value: 1397.6309
26-08-2016 14:52:34 [INFO] LinkImpl - Setting BC for CT 0 value: 24622.102
26-08-2016 14:52:34 [INFO] LinkImpl - Setting BC for CT 0 value: 24622.102
26-08-2016 14:52:34 [INFO] LinkImpl - Setting BC for CT 0 value: 17994.055
26-08-2016 14:52:34 [INFO] LinkImpl - Setting BC for CT 0 value: 17994.055
26-08-2016 14:52:34 [INFO] LinkImpl - Setting BC for CT 0 value: 28133.158
26-08-2016 14:52:34 [INFO] LinkImpl - Setting BC for CT 0 value: 28133.158
26-08-2016 14:52:34 [INFO] LinkImpl - Setting BC for CT 0 value: 10158.47
26-08-2016 14:52:34 [INFO] LinkImpl - Setting BC for CT 0 value: 10158.47
26-08-2016 14:52:34 [INFO] LinkImpl - Setting BC for CT 0 value: 10368.783
26-08-2016 14:52:34 [INFO] LinkImpl - Setting BC for CT 0 value: 10368.783
26-08-2016 14:52:34 [INFO] LinkImpl - Setting BC for CT 0 value: 12014.12
26-08-2016 14:52:34 [INFO] LinkImpl - Setting BC for CT 0 value: 12014.12
26-08-2016 14:52:34 [INFO] LinkImpl - Setting BC for CT 0 value: 28223.273
26-08-2016 14:52:34 [INFO] LinkImpl - Setting BC for CT 0 value: 28223.273
26-08-2016 14:52:34 [INFO] LinkImpl - Setting BC for CT 0 value: 27656.844
26-08-2016 14:52:34 [INFO] LinkImpl - Setting BC for CT 0 value: 27656.844
26-08-2016 14:52:34 [INFO] LinkImpl - Setting BC for CT 0 value: 1483.2994
26-08-2016 14:52:34 [INFO] LinkImpl - Setting BC for CT 0 value: 1483.2994
26-08-2016 14:52:34 [INFO] LinkImpl - Setting BC for CT 0 value: 20354.965
26-08-2016 14:52:34 [INFO] LinkImpl - Setting BC for CT 0 value: 20354.965
26-08-2016 14:52:34 [INFO] LinkImpl - Setting BC for CT 0 value: 25965.424
26-08-2016 14:52:34 [INFO] LinkImpl - Setting BC for CT 0 value: 25965.424
26-08-2016 14:52:34 [INFO] LinkImpl - Setting BC for CT 0 value: 538.41504
26-08-2016 14:52:34 [INFO] LinkImpl - Setting BC for CT 0 value: 538.41504
26-08-2016 14:52:34 [INFO] LinkImpl - Setting BC for CT 0 value: 12933.936
26-08-2016 14:52:34 [INFO] LinkImpl - Setting BC for CT 0 value: 12933.936
26-08-2016 14:52:34 [INFO] LinkImpl - Setting BC for CT 0 value: 24626.746
26-08-2016 14:52:34 [INFO] LinkImpl - Setting BC for CT 0 value: 24626.746
26-08-2016 14:52:34 [INFO] LinkImpl - Setting BC for CT 0 value: 15250.327
26-08-2016 14:52:34 [INFO] LinkImpl - Setting BC for CT 0 value: 15250.327
26-08-2016 14:52:34 [INFO] LinkImpl - Setting BC for CT 0 value: 24552.264
26-08-2016 14:52:34 [INFO] LinkImpl - Setting BC for CT 0 value: 24552.264
26-08-2016 14:52:34 [INFO] LinkImpl - Setting BC for CT 0 value: 15012.23
26-08-2016 14:52:34 [INFO] LinkImpl - Setting BC for CT 0 value: 15012.23
26-08-2016 14:52:34 [INFO] LinkImpl - Setting BC for CT 0 value: 18847.486
26-08-2016 14:52:34 [INFO] LinkImpl - Setting BC for CT 0 value: 18847.486
26-08-2016 14:52:34 [INFO] LinkImpl - Setting BC for CT 0 value: 14330.367
26-08-2016 14:52:34 [INFO] LinkImpl - Setting BC for CT 0 value: 14330.367
26-08-2016 14:52:34 [INFO] LinkImpl - Setting BC for CT 0 value: 23986.883
26-08-2016 14:52:34 [INFO] LinkImpl - Setting BC for CT 0 value: 23986.883
26-08-2016 14:52:34 [INFO] LinkImpl - Setting BC for CT 0 value: 644.081
26-08-2016 14:52:34 [INFO] LinkImpl - Setting BC for CT 0 value: 644.081
26-08-2016 14:52:34 [INFO] LinkImpl - Setting BC for CT 0 value: 507.15787
26-08-2016 14:52:34 [INFO] LinkImpl - Setting BC for CT 0 value: 507.15787
26-08-2016 14:52:34 [INFO] LinkImpl - Setting BC for CT 0 value: 10040.701
26-08-2016 14:52:34 [INFO] LinkImpl - Setting BC for CT 0 value: 10040.701
26-08-2016 14:52:34 [INFO] LinkImpl - Setting BC for CT 0 value: 13449.856
26-08-2016 14:52:34 [INFO] LinkImpl - Setting BC for CT 0 value: 13449.856
26-08-2016 14:52:34 [INFO] LinkImpl - Setting BC for CT 0 value: 29612.63
26-08-2016 14:52:34 [INFO] LinkImpl - Setting BC for CT 0 value: 29612.63
26-08-2016 14:52:34 [INFO] LinkImpl - Setting BC for CT 0 value: 18777.451
26-08-2016 14:52:34 [INFO] LinkImpl - Setting BC for CT 0 value: 18777.451
26-08-2016 14:52:34 [INFO] LinkImpl - Setting BC for CT 0 value: 10199.049
26-08-2016 14:52:34 [INFO] LinkImpl - Setting BC for CT 0 value: 10199.049
26-08-2016 14:52:34 [INFO] LinkImpl - Setting BC for CT 0 value: 25615.143
26-08-2016 14:52:34 [INFO] LinkImpl - Setting BC for CT 0 value: 25615.143
26-08-2016 14:52:34 [INFO] LinkImpl - Setting BC for CT 0 value: 12487.462
26-08-2016 14:52:34 [INFO] LinkImpl - Setting BC for CT 0 value: 12487.462
26-08-2016 14:52:34 [INFO] LinkImpl - Setting BC for CT 0 value: 26427.629
26-08-2016 14:52:34 [INFO] LinkImpl - Setting BC for CT 0 value: 26427.629
26-08-2016 14:52:34 [INFO] LinkImpl - Setting BC for CT 0 value: 899.45966
26-08-2016 14:52:34 [INFO] LinkImpl - Setting BC for CT 0 value: 899.45966
26-08-2016 14:52:34 [INFO] LinkImpl - Setting BC for CT 0 value: 1218.2019
26-08-2016 14:52:34 [INFO] LinkImpl - Setting BC for CT 0 value: 1218.2019
26-08-2016 14:52:34 [INFO] LinkImpl - Setting BC for CT 0 value: 12302.901
26-08-2016 14:52:34 [INFO] LinkImpl - Setting BC for CT 0 value: 12302.901
26-08-2016 14:52:34 [INFO] LinkImpl - Setting BC for CT 0 value: 23632.771
26-08-2016 14:52:34 [INFO] LinkImpl - Setting BC for CT 0 value: 23632.771
26-08-2016 14:52:34 [INFO] LinkImpl - Setting BC for CT 0 value: 16100.722
26-08-2016 14:52:34 [INFO] LinkImpl - Setting BC for CT 0 value: 16100.722
26-08-2016 14:52:34 [INFO] LinkImpl - Setting BC for CT 0 value: 11142.004
26-08-2016 14:52:34 [INFO] LinkImpl - Setting BC for CT 0 value: 11142.004
26-08-2016 14:52:34 [INFO] LinkImpl - Setting BC for CT 0 value: 16589.97
26-08-2016 14:52:34 [INFO] LinkImpl - Setting BC for CT 0 value: 16589.97
26-08-2016 14:52:34 [INFO] LinkImpl - Setting BC for CT 0 value: 25764.47
26-08-2016 14:52:34 [INFO] LinkImpl - Setting BC for CT 0 value: 25764.47
26-08-2016 14:52:34 [INFO] LinkImpl - Setting BC for CT 0 value: 12077.964
26-08-2016 14:52:34 [INFO] LinkImpl - Setting BC for CT 0 value: 12077.964
26-08-2016 14:52:34 [INFO] LinkImpl - Setting BC for CT 0 value: 27495.107
26-08-2016 14:52:34 [INFO] LinkImpl - Setting BC for CT 0 value: 27495.107
26-08-2016 14:52:34 [INFO] LinkImpl - Setting BC for CT 0 value: 28368.475
26-08-2016 14:52:34 [INFO] LinkImpl - Setting BC for CT 0 value: 28368.475
26-08-2016 14:52:34 [INFO] LinkImpl - Setting BC for CT 0 value: 27038.584
26-08-2016 14:52:34 [INFO] LinkImpl - Setting BC for CT 0 value: 27038.584
26-08-2016 14:52:34 [INFO] LinkImpl - Setting BC for CT 0 value: 21136.564
26-08-2016 14:52:34 [INFO] LinkImpl - Setting BC for CT 0 value: 21136.564
26-08-2016 14:52:34 [INFO] LinkImpl - Setting BC for CT 0 value: 756.97235
26-08-2016 14:52:34 [INFO] LinkImpl - Setting BC for CT 0 value: 756.97235
26-08-2016 14:52:34 [INFO] LinkImpl - Setting BC for CT 0 value: 15509.89
26-08-2016 14:52:34 [INFO] LinkImpl - Setting BC for CT 0 value: 15509.89
26-08-2016 14:52:34 [INFO] LinkImpl - Setting BC for CT 0 value: 25912.22
26-08-2016 14:52:34 [INFO] LinkImpl - Setting BC for CT 0 value: 25912.22
26-08-2016 14:52:34 [INFO] LinkImpl - Setting BC for CT 0 value: 13398.996
26-08-2016 14:52:34 [INFO] LinkImpl - Setting BC for CT 0 value: 13398.996
26-08-2016 14:52:34 [INFO] LinkImpl - Setting BC for CT 0 value: 23714.352
26-08-2016 14:52:34 [INFO] LinkImpl - Setting BC for CT 0 value: 23714.352
26-08-2016 14:52:34 [INFO] LinkImpl - Setting BC for CT 0 value: 19704.873
26-08-2016 14:52:34 [INFO] LinkImpl - Setting BC for CT 0 value: 19704.873
26-08-2016 14:52:34 [INFO] LinkImpl - Setting BC for CT 0 value: 24881.287
26-08-2016 14:52:34 [INFO] LinkImpl - Setting BC for CT 0 value: 24881.287
26-08-2016 14:52:34 [INFO] LinkImpl - Setting BC for CT 0 value: 16558.879
26-08-2016 14:52:34 [INFO] LinkImpl - Setting BC for CT 0 value: 16558.879
26-08-2016 14:52:34 [INFO] LinkImpl - Setting BC for CT 0 value: 1190.2977
26-08-2016 14:52:34 [INFO] LinkImpl - Setting BC for CT 0 value: 1190.2977
26-08-2016 14:52:34 [INFO] LinkImpl - Setting BC for CT 0 value: 28950.303
26-08-2016 14:52:34 [INFO] LinkImpl - Setting BC for CT 0 value: 28950.303
26-08-2016 14:52:34 [INFO] LinkImpl - Setting BC for CT 0 value: 16407.479
26-08-2016 14:52:34 [INFO] LinkImpl - Setting BC for CT 0 value: 16407.479
26-08-2016 14:52:34 [INFO] LinkImpl - Setting BC for CT 0 value: 12066.748
26-08-2016 14:52:34 [INFO] LinkImpl - Setting BC for CT 0 value: 12066.748
26-08-2016 14:52:34 [INFO] LinkImpl - Setting BC for CT 0 value: 17460.256
26-08-2016 14:52:34 [INFO] LinkImpl - Setting BC for CT 0 value: 17460.256
26-08-2016 14:52:34 [INFO] LinkImpl - Setting BC for CT 0 value: 1431.522
26-08-2016 14:52:34 [INFO] LinkImpl - Setting BC for CT 0 value: 1431.522
26-08-2016 14:52:34 [INFO] LinkImpl - Setting BC for CT 0 value: 18184.918
26-08-2016 14:52:34 [INFO] LinkImpl - Setting BC for CT 0 value: 18184.918
26-08-2016 14:52:34 [INFO] LinkImpl - Setting BC for CT 0 value: 648.16364
26-08-2016 14:52:34 [INFO] LinkImpl - Setting BC for CT 0 value: 648.16364
26-08-2016 14:52:34 [INFO] LinkImpl - Setting BC for CT 0 value: 15994.265
26-08-2016 14:52:34 [INFO] LinkImpl - Setting BC for CT 0 value: 15994.265
26-08-2016 14:52:34 [INFO] LinkImpl - Setting BC for CT 0 value: 19402.455
26-08-2016 14:52:34 [INFO] LinkImpl - Setting BC for CT 0 value: 19402.455
26-08-2016 14:52:34 [INFO] LinkImpl - Setting BC for CT 0 value: 547.7797
26-08-2016 14:52:34 [INFO] LinkImpl - Setting BC for CT 0 value: 547.7797
26-08-2016 14:52:34 [INFO] LinkImpl - Setting BC for CT 0 value: 21416.182
26-08-2016 14:52:34 [INFO] LinkImpl - Setting BC for CT 0 value: 21416.182
26-08-2016 14:52:34 [INFO] LinkImpl - Setting BC for CT 0 value: 22604.896
26-08-2016 14:52:34 [INFO] LinkImpl - Setting BC for CT 0 value: 22604.896
26-08-2016 14:52:34 [INFO] LinkImpl - Setting BC for CT 0 value: 1363.2172
26-08-2016 14:52:34 [INFO] LinkImpl - Setting BC for CT 0 value: 1363.2172
26-08-2016 14:52:34 [INFO] LinkImpl - Setting BC for CT 0 value: 19707.158
26-08-2016 14:52:34 [INFO] LinkImpl - Setting BC for CT 0 value: 19707.158
26-08-2016 14:52:34 [INFO] LinkImpl - Setting BC for CT 0 value: 22956.393
26-08-2016 14:52:34 [INFO] LinkImpl - Setting BC for CT 0 value: 22956.393
26-08-2016 14:52:34 [INFO] LinkImpl - Setting BC for CT 0 value: 23813.082
26-08-2016 14:52:34 [INFO] LinkImpl - Setting BC for CT 0 value: 23813.082
26-08-2016 14:52:34 [INFO] LinkImpl - Setting BC for CT 0 value: 23738.791
26-08-2016 14:52:34 [INFO] LinkImpl - Setting BC for CT 0 value: 23738.791
26-08-2016 14:52:34 [INFO] LinkImpl - Setting BC for CT 0 value: 14307.985
26-08-2016 14:52:34 [INFO] LinkImpl - Setting BC for CT 0 value: 14307.985
26-08-2016 14:52:34 [INFO] LinkImpl - Setting BC for CT 0 value: 21008.65
26-08-2016 14:52:34 [INFO] LinkImpl - Setting BC for CT 0 value: 21008.65
26-08-2016 14:52:34 [INFO] LinkImpl - Setting BC for CT 0 value: 21676.615
26-08-2016 14:52:34 [INFO] LinkImpl - Setting BC for CT 0 value: 21676.615
26-08-2016 14:52:49 [INFO] AbstractTopologyGenerator - Getting default value for param: maxTrials
29-08-2016 10:11:53 [INFO] InterDomainManager - Load the domain 65000 from the file /home/viviana/Escritorio/Pruebas con Topologias/HiberniaGlobal.xml takes 421 milliseconds
29-08-2016 10:11:53 [INFO] GraphManager - Building panel for domain: 65000
29-08-2016 10:12:50 [INFO] InterDomainManager - Save the domain 65000 in the file /home/viviana/Escritorio/Pruebas con Topologias/HiberniaGlobal_RR-Sep.xml takes 405 milliseconds
29-08-2016 10:14:06 [INFO] InterDomainManager - Load the domain 65000 from the file /home/viviana/Escritorio/Pruebas con Topologias/HiberniaGlobal.xml takes 220 milliseconds
29-08-2016 10:14:06 [INFO] GraphManager - Building panel for domain: 65000
29-08-2016 10:56:08 [INFO] InterDomainManager - Load the domain 65000 from the file /home/viviana/Escritorio/Pruebas con Topologias/Carnet.xml takes 268 milliseconds
29-08-2016 10:56:08 [INFO] GraphManager - Building panel for domain: 65000
29-08-2016 10:56:48 [INFO] InterDomainManager - Save the domain 65000 in the file /home/viviana/Escritorio/Pruebas con Topologias/Carnet_RR-Sep.xml takes 90 milliseconds
29-08-2016 11:02:18 [INFO] InterDomainManager - Load the domain 65000 from the file /home/viviana/Escritorio/Pruebas con Topologias/Carnet/Carnet.xml takes 172 milliseconds
29-08-2016 11:02:18 [INFO] GraphManager - Building panel for domain: 65000
29-08-2016 11:02:34 [INFO] InterDomainManager - Save the domain 65000 in the file /home/viviana/Escritorio/Pruebas con Topologias/Carnet/Carnet_RR-Sep.xml takes 55 milliseconds
29-08-2016 12:30:43 [INFO] InterDomainManager - Load the domain 65000 from the file /home/viviana/Escritorio/Pruebas con Topologias/Carnet/Carnet.xml takes 138 milliseconds
29-08-2016 12:30:43 [INFO] GraphManager - Building panel for domain: 65000
29-08-2016 12:31:01 [INFO] InterDomainManager - Save the domain 65000 in the file /home/viviana/Escritorio/Pruebas con Topologias/Carnet/Carnet_FM.xml takes 79 milliseconds
29-08-2016 14:04:58 [INFO] InterDomainManager - Load the domain 65000 from the file /home/viviana/Escritorio/Pruebas con Topologias/Carnet/Carnet.xml takes 250 milliseconds
29-08-2016 14:04:58 [INFO] GraphManager - Building panel for domain: 65000
29-08-2016 14:05:27 [INFO] InterDomainManager - Save the domain 65000 in the file /home/viviana/Escritorio/Pruebas con Topologias/Carnet/Cesnet_RR-SepD.xml takes 82 milliseconds
29-08-2016 16:07:47 [INFO] InterDomainManager - Load the domain 65000 from the file /home/viviana/Escritorio/Pruebas con Topologias/Carnet/Carnet.xml takes 137 milliseconds
29-08-2016 16:07:47 [INFO] GraphManager - Building panel for domain: 65000
29-08-2016 16:08:03 [INFO] InterDomainManager - Save the domain 65000 in the file /home/viviana/Escritorio/Pruebas con Topologias/Carnet/Carnet_RR-SepS.xml takes 54 milliseconds
31-08-2016 15:57:07 [INFO] InterDomainManager - Load the domain 65000 from the file /home/viviana/Escritorio/Pruebas con Topologias/Carnet/Carnet.xml takes 560 milliseconds
31-08-2016 15:57:07 [INFO] GraphManager - Building panel for domain: 65000
31-08-2016 16:00:19 [INFO] InterDomainManager - Save the domain 65000 in the file /home/viviana/Escritorio/Pruebas con Topologias/Carnet/Carnet_RR-Bates.xml takes 117 milliseconds
31-08-2016 16:19:47 [INFO] InterDomainManager - Load the domain 65000 from the file /home/viviana/Escritorio/Pruebas con Topologias/Carnet/Carnet.xml takes 174 milliseconds
31-08-2016 16:19:47 [INFO] GraphManager - Building panel for domain: 65000
31-08-2016 16:20:09 [INFO] InterDomainManager - Save the domain 65000 in the file /home/viviana/Escritorio/Pruebas con Topologias/Carnet/Carnet_RR-Bates.xml takes 63 milliseconds
03-09-2016 16:26:28 [INFO] InterDomainManager - Load the domain 65000 from the file /home/viviana/Escritorio/Pruebas con Topologias/Carnet/Carnet.xml takes 483 milliseconds
03-09-2016 16:26:28 [INFO] GraphManager - Building panel for domain: 65000
03-09-2016 16:27:17 [INFO] InterDomainManager - Save the domain 65000 in the file /home/viviana/Escritorio/Pruebas con Topologias/Carnet/Carnet_RR-BatesY.xml takes 81 milliseconds
03-09-2016 16:27:56 [INFO] InterDomainManager - Load the domain 65000 from the file /home/viviana/Escritorio/Pruebas con Topologias/Carnet/Carnet.xml takes 27 milliseconds
03-09-2016 16:27:56 [INFO] GraphManager - Building panel for domain: 65000
03-09-2016 16:28:21 [INFO] InterDomainManager - Save the domain 65000 in the file /home/viviana/Escritorio/Pruebas con Topologias/Carnet/Carnet_RR-BatesZ.xml takes 21 milliseconds
03-09-2016 16:28:55 [INFO] InterDomainManager - Load the domain 65000 from the file /home/viviana/Escritorio/Pruebas con Topologias/Carnet/Carnet.xml takes 21 milliseconds
03-09-2016 16:28:55 [INFO] GraphManager - Building panel for domain: 65000
03-09-2016 16:29:41 [INFO] InterDomainManager - Save the domain 65000 in the file /home/viviana/Escritorio/Pruebas con Topologias/Carnet/Carnet_RR-Zhang.xml takes 18 milliseconds
10-10-2016 15:55:05 [INFO] InterDomainManager - Load the domain 129 from the file /home/viviana/Escritorio/xTotem/topologies/rrlocTopologies/ISTAR/ISTAR.xml takes 593 milliseconds
10-10-2016 15:55:05 [INFO] GraphManager - Building panel for domain: 129
10-10-2016 15:57:10 [INFO] InterDomainManager - Load the domain 129 from the file /home/viviana/Escritorio/xTotem/topologies/rrlocTopologies/ISTAR/ISTAR-Optimal.xml takes 289 milliseconds
10-10-2016 15:57:10 [INFO] GraphManager - Building panel for domain: 129
10-10-2016 16:14:53 [INFO] InterDomainManager - Load the domain 129 from the file /home/viviana/Escritorio/xTotem/topologies/rrlocTopologies/ISTAR/ISTAR.xml takes 422 milliseconds
10-10-2016 16:14:53 [INFO] GraphManager - Building panel for domain: 129
12-10-2016 20:18:31 [INFO] InterDomainManager - Load the domain 65000 from the file /home/viviana/Escritorio/Pruebas con Topologias/GARR/GARR.xml takes 270 milliseconds
12-10-2016 20:18:31 [INFO] GraphManager - Building panel for domain: 65000
12-10-2016 20:20:16 [INFO] InterDomainManager - Save the domain 65000 in the file /home/viviana/Escritorio/Pruebas con Topologias/GARR/GARR_RR-SepS.xml takes 84 milliseconds
23-10-2016 00:28:38 [INFO] InterDomainManager - Load the domain 127 from the file /home/viviana/Escritorio/xTotem/topologies/rrlocTopologies/FORTHNET/FORTHNet.xml takes 504 milliseconds
23-10-2016 00:28:38 [INFO] GraphManager - Building panel for domain: 127
